<?xml version="1.0" encoding="UTF-8"?>
<!-- Generated by org.testng.reporters.JUnitReportReporter -->
<testsuite skipped="0" hostname="LAPTOP-VSB650SS" name="org.testrunner.Testrunner" tests="2" failures="0" timestamp="10 Mar 2020 07:00:18 GMT" time="87.081" errors="0">
  <testcase name="runScenario" time="46.247" classname="org.testrunner.Testrunner"/>
  <testcase name="runScenario" time="40.834" classname="org.testrunner.Testrunner"/>
</testsuite> <!-- org.testrunner.Testrunner -->
